<?xml version="1.0" encoding="UTF-8"?>
<!-- Generated by org.testng.reporters.JUnitReportReporter -->
<testsuite hostname="DESKTOP-UI8NR6I" failures="0" tests="1" name="DemoFullScreenshot.TakeFullScreenshot" time="21.220" errors="0" timestamp="17 Jul 2023 08:53:50 GMT" skipped="0">
  <testcase classname="DemoFullScreenshot.TakeFullScreenshot" name="checkFullScreenshot" time="21.220"/>
</testsuite> <!-- DemoFullScreenshot.TakeFullScreenshot -->
