<?xml version="1.0" encoding="UTF-8"?>
<!-- Generated by org.testng.reporters.JUnitReportReporter -->
<testsuite hostname="DESKTOP-UI8NR6I" failures="0" tests="1" name="DemoFullScreenshot.TakeFullScreenshot" time="34.636" errors="0" timestamp="17 Jul 2023 09:29:56 GMT" skipped="0">
  <testcase classname="DemoFullScreenshot.TakeFullScreenshot" name="checkFullScreenshot" time="34.636"/>
</testsuite> <!-- DemoFullScreenshot.TakeFullScreenshot -->
